00007FF749305090 00007FF749305084 0 0
00007FF749305090 00007FF749305084 1 1 78 320
00007FF749305090 00007FF749305084 1 1
00007FF749305090 00007FF749305084 2 2 88 715
00007FF749305090 00007FF749305084 2 2
00007FF749305090 00007FF749305084 3 3 103 471
00007FF749305090 00007FF749305084 3 3
00007FF749305090 00007FF749305084 4 4 114 850
00007FF749305090 00007FF749305084 4 4
00007FF749305090 00007FF749305084 5 5 130 188
00007FF749305090 00007FF749305084 5 5
00007FF749305090 00007FF749305084 6 6 147 628
00007FF749305090 00007FF749305084 6 6
00007FF749305090 00007FF749305084 7 7 148 771
00007FF749305090 00007FF749305084 7 7
00007FF749305090 00007FF749305084 8 8 194 382
00007FF749305090 00007FF749305084 8 8
00007FF749305090 00007FF749305084 9 9 196 906
00007FF749305090 00007FF749305084 9 9
00007FF749305090 00007FF749305084 10 10 210 166
00007FF749305090 00007FF749305084 10 10
00007FF749305090 00007FF749305084 11 11 205 77
00007FF749305090 00007FF749305084 11 11
00007FF749305090 00007FF749305084 12 12 214 682
00007FF749305090 00007FF749305084 12 12
00007FF749305090 00007FF749305084 13 13 237 817
00007FF749305090 00007FF749305084 13 13
00007FF749305090 00007FF749305084 14 14 245 554
00007FF749305090 00007FF749305084 14 14
00007FF749305090 00007FF749305084 15 15 246 311
00007FF749305090 00007FF749305084 15 15
00007FF749305090 00007FF749305084 16 16 254 1033
00007FF749305090 00007FF749305084 16 16
00007FF749305090 00007FF749305084 17 17 251 447
00007FF749305090 00007FF749305084 17 17
00007FF749305090 00007FF749305084 18 18 291 77
00007FF749305090 00007FF749305084 18 18
00007FF749305090 00007FF749305084 19 19 292 163
00007FF749305090 00007FF749305084 19 19
00007FF749305090 00007FF749305084 20 20 300 948
00007FF749305090 00007FF749305084 20 20
00007FF749305090 00007FF749305084 21 21 315 504
00007FF749305090 00007FF749305084 21 21
00007FF749305090 00007FF749305084 22 22 326 862
00007FF749305090 00007FF749305084 22 22
00007FF749305090 00007FF749305084 23 23 346 1034
00007FF749305090 00007FF749305084 23 23
00007FF749305090 00007FF749305084 24 24 362 365
00007FF749305090 00007FF749305084 24 24
00007FF749305090 00007FF749305084 25 25 360 195
00007FF749305090 00007FF749305084 25 25
00007FF749305090 00007FF749305084 26 26 368 596
00007FF749305090 00007FF749305084 26 26
00007FF749305090 00007FF749305084 27 27 402 507
00007FF749305090 00007FF749305084 27 27
00007FF749305090 00007FF749305084 28 28 411 258
00007FF749305090 00007FF749305084 28 28
00007FF749305090 00007FF749305084 29 29 418 980
00007FF749305090 00007FF749305084 29 29
00007FF749305090 00007FF749305084 30 30 418 889
00007FF749305090 00007FF749305084 30 30
00007FF749305090 00007FF749305084 31 31 428 419
00007FF749305090 00007FF749305084 31 31
00007FF749305090 00007FF749305084 32 32 428 1101
00007FF749305090 00007FF749305084 32 32
00007FF749305090 00007FF749305084 33 33 439 811
00007FF749305090 00007FF749305084 33 33
00007FF749305090 00007FF749305084 34 34 453 725
00007FF749305090 00007FF749305084 34 34
00007FF749305090 00007FF749305084 35 35 475 139
00007FF749305090 00007FF749305084 35 35
00007FF749305090 00007FF749305084 36 36 508 883
00007FF749305090 00007FF749305084 36 36
00007FF749305090 00007FF749305084 37 37 529 1016
00007FF749305090 00007FF749305084 37 37
00007FF749305090 00007FF749305084 38 38 536 1125
00007FF749305090 00007FF749305084 38 38
00007FF749305090 00007FF749305084 39 39 534 797
00007FF749305090 00007FF749305084 39 39
00007FF749305090 00007FF749305084 40 40 537 588
00007FF749305090 00007FF749305084 40 40
00007FF749305090 00007FF749305084 41 41 548 713
00007FF749305090 00007FF749305084 41 41
00007FF749305090 00007FF749305084 42 42 546 385
00007FF749305090 00007FF749305084 42 42
00007FF749305090 00007FF749305084 43 43 563 470
00007FF749305090 00007FF749305084 43 43
00007FF749305090 00007FF749305084 44 44 592 859
00007FF749305090 00007FF749305084 44 44
00007FF749305090 00007FF749305084 45 45 623 757
00007FF749305090 00007FF749305084 45 45
00007FF749305090 00007FF749305084 46 46 620 661
00007FF749305090 00007FF749305084 46 46
00007FF749305090 00007FF749305084 47 47 630 574
00007FF749305090 00007FF749305084 47 47
00007FF749305090 00007FF749305084 48 48 640 1057
00007FF749305090 00007FF749305084 48 48
00007FF749305090 00007FF749305084 49 49 658 974
00007FF749305090 00007FF749305084 49 49
00007FF749305090 00007FF749305084 50 50 718 577
00007FF749305090 00007FF749305084 50 50
00007FF749305090 00007FF749305084 51 51 722 476
00007FF749305090 00007FF749305084 51 51
00007FF749305090 00007FF749305084 52 52 736 140
00007FF749305090 00007FF749305084 52 52
00007FF749305090 00007FF749305084 53 53 744 698
00007FF749305090 00007FF749305084 53 53
00007FF749305090 00007FF749305084 54 54 793 531
00007FF749305090 00007FF749305084 54 54
00007FF749305090 00007FF749305084 55 55 805 442
00007FF749305090 00007FF749305084 0 0
00007FF749305090 00007FF749305084 1 1 78 320
00007FF749305090 00007FF749305084 1 1
00007FF749305090 00007FF749305084 2 2 88 715
00007FF749305090 00007FF749305084 2 2
00007FF749305090 00007FF749305084 3 3 103 471
00007FF749305090 00007FF749305084 3 3
00007FF749305090 00007FF749305084 4 4 114 850
00007FF749305090 00007FF749305084 4 4
00007FF749305090 00007FF749305084 5 5 130 188
00007FF749305090 00007FF749305084 5 5
00007FF749305090 00007FF749305084 6 6 147 628
00007FF749305090 00007FF749305084 6 6
00007FF749305090 00007FF749305084 7 7 148 771
00007FF749305090 00007FF749305084 7 7
00007FF749305090 00007FF749305084 8 8 194 382
00007FF749305090 00007FF749305084 8 8
00007FF749305090 00007FF749305084 9 9 196 906
00007FF749305090 00007FF749305084 9 9
00007FF749305090 00007FF749305084 10 10 210 166
00007FF749305090 00007FF749305084 10 10
00007FF749305090 00007FF749305084 11 11 205 77
00007FF749305090 00007FF749305084 11 11
00007FF749305090 00007FF749305084 12 12 214 682
00007FF749305090 00007FF749305084 12 12
00007FF749305090 00007FF749305084 13 13 237 817
00007FF749305090 00007FF749305084 13 13
00007FF749305090 00007FF749305084 14 14 245 554
00007FF749305090 00007FF749305084 14 14
00007FF749305090 00007FF749305084 15 15 246 311
00007FF749305090 00007FF749305084 15 15
00007FF749305090 00007FF749305084 16 16 254 1033
00007FF749305090 00007FF749305084 16 16
00007FF749305090 00007FF749305084 17 17 251 447
00007FF749305090 00007FF749305084 17 17
00007FF749305090 00007FF749305084 18 18 291 77
00007FF749305090 00007FF749305084 18 18
00007FF749305090 00007FF749305084 19 19 292 163
00007FF749305090 00007FF749305084 19 19
00007FF749305090 00007FF749305084 20 20 300 948
00007FF749305090 00007FF749305084 20 20
00007FF749305090 00007FF749305084 21 21 315 504
00007FF749305090 00007FF749305084 21 21
00007FF749305090 00007FF749305084 22 22 326 862
00007FF749305090 00007FF749305084 22 22
00007FF749305090 00007FF749305084 23 23 346 1034
00007FF749305090 00007FF749305084 23 23
00007FF749305090 00007FF749305084 24 24 362 365
00007FF749305090 00007FF749305084 24 24
00007FF749305090 00007FF749305084 25 25 360 195
00007FF749305090 00007FF749305084 25 25
00007FF749305090 00007FF749305084 26 26 368 596
00007FF749305090 00007FF749305084 26 26
00007FF749305090 00007FF749305084 27 27 402 507
00007FF749305090 00007FF749305084 27 27
00007FF749305090 00007FF749305084 28 28 411 258
00007FF749305090 00007FF749305084 28 28
00007FF749305090 00007FF749305084 29 29 418 980
00007FF749305090 00007FF749305084 29 29
00007FF749305090 00007FF749305084 30 30 418 889
00007FF749305090 00007FF749305084 30 30
00007FF749305090 00007FF749305084 31 31 428 419
00007FF749305090 00007FF749305084 31 31
00007FF749305090 00007FF749305084 32 32 428 1101
00007FF749305090 00007FF749305084 32 32
00007FF749305090 00007FF749305084 33 33 439 811
00007FF749305090 00007FF749305084 33 33
00007FF749305090 00007FF749305084 34 34 453 725
00007FF749305090 00007FF749305084 34 34
00007FF749305090 00007FF749305084 35 35 475 139
00007FF749305090 00007FF749305084 35 35
00007FF749305090 00007FF749305084 36 36 508 883
00007FF749305090 00007FF749305084 36 36
00007FF749305090 00007FF749305084 37 37 529 1016
00007FF749305090 00007FF749305084 37 37
00007FF749305090 00007FF749305084 38 38 536 1125
00007FF749305090 00007FF749305084 38 38
00007FF749305090 00007FF749305084 39 39 534 797
00007FF749305090 00007FF749305084 39 39
00007FF749305090 00007FF749305084 40 40 537 588
00007FF749305090 00007FF749305084 40 40
00007FF749305090 00007FF749305084 41 41 548 713
00007FF749305090 00007FF749305084 41 41
00007FF749305090 00007FF749305084 42 42 546 385
00007FF749305090 00007FF749305084 42 42
00007FF749305090 00007FF749305084 43 43 563 470
00007FF749305090 00007FF749305084 43 43
00007FF749305090 00007FF749305084 44 44 592 859
00007FF749305090 00007FF749305084 44 44
00007FF749305090 00007FF749305084 45 45 623 757
00007FF749305090 00007FF749305084 45 45
00007FF749305090 00007FF749305084 46 46 620 661
00007FF749305090 00007FF749305084 46 46
00007FF749305090 00007FF749305084 47 47 630 574
00007FF749305090 00007FF749305084 47 47
00007FF749305090 00007FF749305084 48 48 640 1058
00007FF749305090 00007FF749305084 48 48
00007FF749305090 00007FF749305084 49 49 658 974
00007FF749305090 00007FF749305084 49 49
00007FF749305090 00007FF749305084 50 50 718 577
00007FF749305090 00007FF749305084 50 50
00007FF749305090 00007FF749305084 51 51 722 476
00007FF749305090 00007FF749305084 51 51
00007FF749305090 00007FF749305084 52 52 736 140
00007FF749305090 00007FF749305084 52 52
00007FF749305090 00007FF749305084 53 53 744 698
00007FF749305090 00007FF749305084 53 53
00007FF749305090 00007FF749305084 54 54 793 531
00007FF749305090 00007FF749305084 54 54
00007FF749305090 00007FF749305084 55 55 805 442
00007FF749305090 00007FF749305084 0 0
00007FF749305090 00007FF749305084 1 1 78 320
00007FF749305090 00007FF749305084 1 1
00007FF749305090 00007FF749305084 2 2 88 714
00007FF749305090 00007FF749305084 2 2
00007FF749305090 00007FF749305084 3 3 103 471
00007FF749305090 00007FF749305084 3 3
00007FF749305090 00007FF749305084 4 4 114 850
00007FF749305090 00007FF749305084 4 4
00007FF749305090 00007FF749305084 5 5 130 188
00007FF749305090 00007FF749305084 5 5
00007FF749305090 00007FF749305084 6 6 147 628
00007FF749305090 00007FF749305084 6 6
00007FF749305090 00007FF749305084 7 7 148 771
00007FF749305090 00007FF749305084 7 7
00007FF749305090 00007FF749305084 8 8 194 382
00007FF749305090 00007FF749305084 8 8
00007FF749305090 00007FF749305084 9 9 196 906
00007FF749305090 00007FF749305084 9 9
00007FF749305090 00007FF749305084 10 10 210 166
00007FF749305090 00007FF749305084 10 10
00007FF749305090 00007FF749305084 11 11 205 77
00007FF749305090 00007FF749305084 11 11
00007FF749305090 00007FF749305084 12 12 213 682
00007FF749305090 00007FF749305084 12 12
00007FF749305090 00007FF749305084 13 13 237 817
00007FF749305090 00007FF749305084 13 13
00007FF749305090 00007FF749305084 14 14 245 554
00007FF749305090 00007FF749305084 14 14
00007FF749305090 00007FF749305084 15 15 245 311
00007FF749305090 00007FF749305084 15 15
00007FF749305090 00007FF749305084 16 16 254 1033
00007FF749305090 00007FF749305084 16 16
00007FF749305090 00007FF749305084 17 17 252 447
00007FF749305090 00007FF749305084 17 17
00007FF749305090 00007FF749305084 18 18 291 77
00007FF749305090 00007FF749305084 18 18
00007FF749305090 00007FF749305084 19 19 292 163
00007FF749305090 00007FF749305084 19 19
00007FF749305090 00007FF749305084 20 20 300 948
00007FF749305090 00007FF749305084 20 20
00007FF749305090 00007FF749305084 21 21 315 504
00007FF749305090 00007FF749305084 21 21
00007FF749305090 00007FF749305084 22 22 326 862
00007FF749305090 00007FF749305084 22 22
00007FF749305090 00007FF749305084 23 23 346 1034
00007FF749305090 00007FF749305084 23 23
00007FF749305090 00007FF749305084 24 24 362 365
00007FF749305090 00007FF749305084 24 24
00007FF749305090 00007FF749305084 25 25 360 195
00007FF749305090 00007FF749305084 25 25
00007FF749305090 00007FF749305084 26 26 368 596
00007FF749305090 00007FF749305084 26 26
00007FF749305090 00007FF749305084 27 27 402 507
00007FF749305090 00007FF749305084 27 27
00007FF749305090 00007FF749305084 28 28 411 258
00007FF749305090 00007FF749305084 28 28
00007FF749305090 00007FF749305084 29 29 418 980
00007FF749305090 00007FF749305084 29 29
00007FF749305090 00007FF749305084 30 30 418 889
00007FF749305090 00007FF749305084 30 30
00007FF749305090 00007FF749305084 31 31 427 419
00007FF749305090 00007FF749305084 31 31
00007FF749305090 00007FF749305084 32 32 428 1101
00007FF749305090 00007FF749305084 32 32
00007FF749305090 00007FF749305084 33 33 439 811
00007FF749305090 00007FF749305084 33 33
00007FF749305090 00007FF749305084 34 34 453 725
00007FF749305090 00007FF749305084 34 34
00007FF749305090 00007FF749305084 35 35 475 139
00007FF749305090 00007FF749305084 35 35
00007FF749305090 00007FF749305084 36 36 508 883
00007FF749305090 00007FF749305084 36 36
00007FF749305090 00007FF749305084 37 37 529 1016
00007FF749305090 00007FF749305084 37 37
00007FF749305090 00007FF749305084 38 38 536 1125
00007FF749305090 00007FF749305084 38 38
00007FF749305090 00007FF749305084 39 39 534 797
00007FF749305090 00007FF749305084 39 39
00007FF749305090 00007FF749305084 40 40 537 588
00007FF749305090 00007FF749305084 40 40
00007FF749305090 00007FF749305084 41 41 548 713
00007FF749305090 00007FF749305084 41 41
00007FF749305090 00007FF749305084 42 42 546 385
00007FF749305090 00007FF749305084 42 42
00007FF749305090 00007FF749305084 43 43 563 470
00007FF749305090 00007FF749305084 43 43
00007FF749305090 00007FF749305084 44 44 592 859
00007FF749305090 00007FF749305084 44 44
00007FF749305090 00007FF749305084 45 45 623 757
00007FF749305090 00007FF749305084 45 45
00007FF749305090 00007FF749305084 46 46 620 661
00007FF749305090 00007FF749305084 46 46
00007FF749305090 00007FF749305084 47 47 630 574
00007FF749305090 00007FF749305084 47 47
00007FF749305090 00007FF749305084 48 48 640 1057
00007FF749305090 00007FF749305084 48 48
00007FF749305090 00007FF749305084 49 49 658 974
00007FF749305090 00007FF749305084 49 49
00007FF749305090 00007FF749305084 50 50 718 577
00007FF749305090 00007FF749305084 50 50
00007FF749305090 00007FF749305084 51 51 722 476
00007FF749305090 00007FF749305084 51 51
00007FF749305090 00007FF749305084 52 52 736 140
00007FF749305090 00007FF749305084 52 52
00007FF749305090 00007FF749305084 53 53 744 698
00007FF749305090 00007FF749305084 53 53
00007FF749305090 00007FF749305084 54 54 793 531
00007FF749305090 00007FF749305084 54 54
00007FF749305090 00007FF749305084 55 55 805 442
00007FF749305090 00007FF749305084 0 0
00007FF749305090 00007FF749305084 1 1 78 320
00007FF749305090 00007FF749305084 1 1
00007FF749305090 00007FF749305084 2 2 88 714
00007FF749305090 00007FF749305084 2 2
00007FF749305090 00007FF749305084 3 3 103 471
00007FF749305090 00007FF749305084 3 3
00007FF749305090 00007FF749305084 4 4 114 850
00007FF749305090 00007FF749305084 4 4
00007FF749305090 00007FF749305084 5 5 130 188
00007FF749305090 00007FF749305084 5 5
00007FF749305090 00007FF749305084 6 6 147 628
00007FF749305090 00007FF749305084 6 6
00007FF749305090 00007FF749305084 7 7 148 771
00007FF749305090 00007FF749305084 7 7
00007FF749305090 00007FF749305084 8 8 194 382
00007FF749305090 00007FF749305084 8 8
00007FF749305090 00007FF749305084 9 9 196 906
00007FF749305090 00007FF749305084 9 9
00007FF749305090 00007FF749305084 10 10 210 166
00007FF749305090 00007FF749305084 10 10
00007FF749305090 00007FF749305084 11 11 205 77
00007FF749305090 00007FF749305084 11 11
00007FF749305090 00007FF749305084 12 12 214 682
00007FF749305090 00007FF749305084 12 12
00007FF749305090 00007FF749305084 13 13 237 817
00007FF749305090 00007FF749305084 13 13
00007FF749305090 00007FF749305084 14 14 245 554
00007FF749305090 00007FF749305084 14 14
00007FF749305090 00007FF749305084 15 15 245 311
00007FF749305090 00007FF749305084 15 15
00007FF749305090 00007FF749305084 16 16 254 1033
00007FF749305090 00007FF749305084 16 16
00007FF749305090 00007FF749305084 17 17 252 447
00007FF749305090 00007FF749305084 17 17
00007FF749305090 00007FF749305084 18 18 291 77
00007FF749305090 00007FF749305084 18 18
00007FF749305090 00007FF749305084 19 19 292 163
00007FF749305090 00007FF749305084 19 19
00007FF749305090 00007FF749305084 20 20 300 948
00007FF749305090 00007FF749305084 20 20
00007FF749305090 00007FF749305084 21 21 315 504
00007FF749305090 00007FF749305084 21 21
00007FF749305090 00007FF749305084 22 22 326 862
00007FF749305090 00007FF749305084 22 22
00007FF749305090 00007FF749305084 23 23 346 1034
00007FF749305090 00007FF749305084 23 23
00007FF749305090 00007FF749305084 24 24 362 365
00007FF749305090 00007FF749305084 24 24
00007FF749305090 00007FF749305084 25 25 360 195
00007FF749305090 00007FF749305084 25 25
00007FF749305090 00007FF749305084 26 26 368 596
00007FF749305090 00007FF749305084 26 26
00007FF749305090 00007FF749305084 27 27 402 507
00007FF749305090 00007FF749305084 27 27
00007FF749305090 00007FF749305084 28 28 411 258
00007FF749305090 00007FF749305084 28 28
00007FF749305090 00007FF749305084 29 29 418 980
00007FF749305090 00007FF749305084 29 29
00007FF749305090 00007FF749305084 30 30 418 889
00007FF749305090 00007FF749305084 30 30
00007FF749305090 00007FF749305084 31 31 428 419
00007FF749305090 00007FF749305084 31 31
00007FF749305090 00007FF749305084 32 32 428 1101
00007FF749305090 00007FF749305084 32 32
00007FF749305090 00007FF749305084 33 33 439 811
00007FF749305090 00007FF749305084 33 33
00007FF749305090 00007FF749305084 34 34 453 725
00007FF749305090 00007FF749305084 34 34
00007FF749305090 00007FF749305084 35 35 475 139
00007FF749305090 00007FF749305084 35 35
00007FF749305090 00007FF749305084 36 36 508 883
00007FF749305090 00007FF749305084 36 36
00007FF749305090 00007FF749305084 37 37 529 1016
00007FF749305090 00007FF749305084 37 37
00007FF749305090 00007FF749305084 38 38 536 1125
00007FF749305090 00007FF749305084 38 38
00007FF749305090 00007FF749305084 39 39 534 797
00007FF749305090 00007FF749305084 39 39
00007FF749305090 00007FF749305084 40 40 537 588
00007FF749305090 00007FF749305084 40 40
00007FF749305090 00007FF749305084 41 41 548 712
00007FF749305090 00007FF749305084 41 41
00007FF749305090 00007FF749305084 42 42 546 385
00007FF749305090 00007FF749305084 42 42
00007FF749305090 00007FF749305084 43 43 563 470
00007FF749305090 00007FF749305084 43 43
00007FF749305090 00007FF749305084 44 44 592 859
00007FF749305090 00007FF749305084 44 44
00007FF749305090 00007FF749305084 45 45 623 757
00007FF749305090 00007FF749305084 45 45
00007FF749305090 00007FF749305084 46 46 620 661
00007FF749305090 00007FF749305084 46 46
00007FF749305090 00007FF749305084 47 47 630 574
00007FF749305090 00007FF749305084 47 47
00007FF749305090 00007FF749305084 48 48 640 1057
00007FF749305090 00007FF749305084 48 48
00007FF749305090 00007FF749305084 49 49 658 974
00007FF749305090 00007FF749305084 49 49
00007FF749305090 00007FF749305084 50 50 718 577
00007FF749305090 00007FF749305084 50 50
00007FF749305090 00007FF749305084 51 51 722 476
00007FF749305090 00007FF749305084 51 51
00007FF749305090 00007FF749305084 52 52 736 140
00007FF749305090 00007FF749305084 52 52
00007FF749305090 00007FF749305084 53 53 744 698
00007FF749305090 00007FF749305084 53 53
00007FF749305090 00007FF749305084 54 54 793 531
00007FF749305090 00007FF749305084 54 54
00007FF749305090 00007FF749305084 55 55 805 442
00007FF749305090 00007FF749305084 0 0
00007FF749305090 00007FF749305084 1 1 78 320
00007FF749305090 00007FF749305084 1 1
00007FF749305090 00007FF749305084 2 2 88 714
00007FF749305090 00007FF749305084 2 2
00007FF749305090 00007FF749305084 3 3 103 471
00007FF749305090 00007FF749305084 3 3
00007FF749305090 00007FF749305084 4 4 114 850
00007FF749305090 00007FF749305084 4 4
00007FF749305090 00007FF749305084 5 5 130 188
00007FF749305090 00007FF749305084 5 5
00007FF749305090 00007FF749305084 6 6 147 628
00007FF749305090 00007FF749305084 6 6
00007FF749305090 00007FF749305084 7 7 148 771
00007FF749305090 00007FF749305084 7 7
00007FF749305090 00007FF749305084 8 8 194 382
00007FF749305090 00007FF749305084 8 8
00007FF749305090 00007FF749305084 9 9 196 906
00007FF749305090 00007FF749305084 9 9
00007FF749305090 00007FF749305084 10 10 210 166
00007FF749305090 00007FF749305084 10 10
00007FF749305090 00007FF749305084 11 11 205 76
00007FF749305090 00007FF749305084 11 11
00007FF749305090 00007FF749305084 12 12 214 682
00007FF749305090 00007FF749305084 12 12
00007FF749305090 00007FF749305084 13 13 237 817
00007FF749305090 00007FF749305084 13 13
00007FF749305090 00007FF749305084 14 14 245 554
00007FF749305090 00007FF749305084 14 14
00007FF749305090 00007FF749305084 15 15 245 311
00007FF749305090 00007FF749305084 850 15
00007FF749305090 00007FF749305084 851 16 37529 37648
00007FF749305090 00007FF749305084 0 0
00007FF749305090 00007FF749305084 1 1 78 320
00007FF749305090 00007FF749305084 1 1
00007FF749305090 00007FF749305084 2 2 88 714
00007FF749305090 00007FF749305084 2 2
00007FF749305090 00007FF749305084 3 3 103 471
00007FF749305090 00007FF749305084 3 3
00007FF749305090 00007FF749305084 4 4 114 850
00007FF749305090 00007FF749305084 4 4
00007FF749305090 00007FF749305084 5 5 130 188
00007FF749305090 00007FF749305084 5 5
00007FF749305090 00007FF749305084 6 6 147 628
00007FF749305090 00007FF749305084 6 6
00007FF749305090 00007FF749305084 7 7 148 771
00007FF749305090 00007FF749305084 7 7
00007FF749305090 00007FF749305084 8 8 194 382
00007FF749305090 00007FF749305084 8 8
00007FF749305090 00007FF749305084 9 9 196 906
00007FF749305090 00007FF749305084 9 9
00007FF749305090 00007FF749305084 10 10 210 166
00007FF749305090 00007FF749305084 10 10
00007FF749305090 00007FF749305084 11 11 205 77
00007FF749305090 00007FF749305084 11 11
00007FF749305090 00007FF749305084 12 12 214 682
00007FF749305090 00007FF749305084 12 12
00007FF749305090 00007FF749305084 13 13 237 816
00007FF749305090 00007FF749305084 13 13
00007FF749305090 00007FF749305084 14 14 245 554
00007FF749305090 00007FF749305084 14 14
00007FF749305090 00007FF749305084 15 15 245 311
00007FF749305090 00007FF749305084 15 15
00007FF749305090 00007FF749305084 16 16 254 1033
00007FF749305090 00007FF749305084 16 16
00007FF749305090 00007FF749305084 17 17 252 447
00007FF749305090 00007FF749305084 17 17
00007FF749305090 00007FF749305084 18 18 291 77
00007FF749305090 00007FF749305084 18 18
00007FF749305090 00007FF749305084 19 19 292 163
00007FF749305090 00007FF749305084 19 19
00007FF749305090 00007FF749305084 20 20 300 948
00007FF749305090 00007FF749305084 20 20
00007FF749305090 00007FF749305084 21 21 315 504
00007FF749305090 00007FF749305084 21 21
00007FF749305090 00007FF749305084 22 22 326 862
00007FF749305090 00007FF749305084 22 22
00007FF749305090 00007FF749305084 23 23 346 1034
00007FF749305090 00007FF749305084 23 23
00007FF749305090 00007FF749305084 24 24 362 365
00007FF749305090 00007FF749305084 24 24
00007FF749305090 00007FF749305084 25 25 360 195
00007FF749305090 00007FF749305084 25 25
00007FF749305090 00007FF749305084 26 26 368 596
00007FF749305090 00007FF749305084 26 26
00007FF749305090 00007FF749305084 27 27 402 507
00007FF749305090 00007FF749305084 27 27
00007FF749305090 00007FF749305084 28 28 411 258
00007FF749305090 00007FF749305084 28 28
00007FF749305090 00007FF749305084 29 29 418 980
00007FF749305090 00007FF749305084 29 29
00007FF749305090 00007FF749305084 30 30 418 889
00007FF749305090 00007FF749305084 30 30
00007FF749305090 00007FF749305084 31 31 427 419
00007FF749305090 00007FF749305084 31 31
00007FF749305090 00007FF749305084 32 32 428 1101
00007FF749305090 00007FF749305084 32 32
00007FF749305090 00007FF749305084 33 33 439 811
00007FF749305090 00007FF749305084 33 33
00007FF749305090 00007FF749305084 34 34 453 725
00007FF749305090 00007FF749305084 34 34
00007FF749305090 00007FF749305084 35 35 475 139
00007FF749305090 00007FF749305084 35 35
00007FF749305090 00007FF749305084 36 36 508 883
00007FF749305090 00007FF749305084 36 36
00007FF749305090 00007FF749305084 37 37 529 1016
00007FF749305090 00007FF749305084 37 37
00007FF749305090 00007FF749305084 38 38 536 1125
00007FF749305090 00007FF749305084 38 38
00007FF749305090 00007FF749305084 39 39 534 797
00007FF749305090 00007FF749305084 39 39
00007FF749305090 00007FF749305084 40 40 537 588
00007FF749305090 00007FF749305084 40 40
00007FF749305090 00007FF749305084 41 41 548 713
00007FF749305090 00007FF749305084 41 41
00007FF749305090 00007FF749305084 42 42 546 385
00007FF749305090 00007FF749305084 42 42
00007FF749305090 00007FF749305084 43 43 563 470
00007FF749305090 00007FF749305084 43 43
00007FF749305090 00007FF749305084 44 44 592 859
00007FF749305090 00007FF749305084 44 44
00007FF749305090 00007FF749305084 45 45 623 757
00007FF749305090 00007FF749305084 45 45
00007FF749305090 00007FF749305084 46 46 620 661
00007FF749305090 00007FF749305084 46 46
00007FF749305090 00007FF749305084 47 47 630 574
00007FF749305090 00007FF749305084 47 47
00007FF749305090 00007FF749305084 48 48 640 1057
00007FF749305090 00007FF749305084 48 48
00007FF749305090 00007FF749305084 49 49 659 974
00007FF749305090 00007FF749305084 49 49
00007FF749305090 00007FF749305084 50 50 718 577
00007FF749305090 00007FF749305084 50 50
00007FF749305090 00007FF749305084 51 51 722 476
00007FF749305090 00007FF749305084 51 51
00007FF749305090 00007FF749305084 52 52 736 140
00007FF749305090 00007FF749305084 52 52
00007FF749305090 00007FF749305084 53 53 744 698
00007FF749305090 00007FF749305084 53 53
00007FF749305090 00007FF749305084 54 54 793 531
00007FF749305090 00007FF749305084 54 54
00007FF749305090 00007FF749305084 55 55 805 442
00007FF749305090 00007FF749305084 0 0
00007FF749305090 00007FF749305084 1 1 78 320
00007FF749305090 00007FF749305084 1 1
00007FF749305090 00007FF749305084 2 2 88 715
00007FF749305090 00007FF749305084 2 2
00007FF749305090 00007FF749305084 3 3 103 471
00007FF749305090 00007FF749305084 3 3
00007FF749305090 00007FF749305084 4 4 114 850
00007FF749305090 00007FF749305084 4 4
00007FF749305090 00007FF749305084 5 5 130 188
00007FF749305090 00007FF749305084 5 5
00007FF749305090 00007FF749305084 6 6 147 628
00007FF749305090 00007FF749305084 6 6
00007FF749305090 00007FF749305084 7 7 148 771
00007FF749305090 00007FF749305084 7 7
00007FF749305090 00007FF749305084 8 8 194 382
00007FF749305090 00007FF749305084 8 8
00007FF749305090 00007FF749305084 9 9 196 906
00007FF749305090 00007FF749305084 9 9
00007FF749305090 00007FF749305084 10 10 209 165
00007FF749305090 00007FF749305084 10 10
00007FF749305090 00007FF749305084 11 11 205 77
00007FF749305090 00007FF749305084 11 11
00007FF749305090 00007FF749305084 12 12 214 682
00007FF749305090 00007FF749305084 12 12
00007FF749305090 00007FF749305084 13 13 237 817
00007FF749305090 00007FF749305084 13 13
00007FF749305090 00007FF749305084 14 14 245 554
00007FF749305090 00007FF749305084 14 14
00007FF749305090 00007FF749305084 15 15 246 311
00007FF749305090 00007FF749305084 15 15
00007FF749305090 00007FF749305084 16 16 254 1033
00007FF749305090 00007FF749305084 16 16
00007FF749305090 00007FF749305084 17 17 252 447
00007FF749305090 00007FF749305084 17 17
00007FF749305090 00007FF749305084 18 18 291 77
00007FF749305090 00007FF749305084 18 18
00007FF749305090 00007FF749305084 19 19 292 163
00007FF749305090 00007FF749305084 19 19
00007FF749305090 00007FF749305084 20 20 300 948
00007FF749305090 00007FF749305084 20 20
00007FF749305090 00007FF749305084 21 21 315 504
00007FF749305090 00007FF749305084 21 21
00007FF749305090 00007FF749305084 22 22 326 862
00007FF749305090 00007FF749305084 22 22
00007FF749305090 00007FF749305084 23 23 346 1034
00007FF749305090 00007FF749305084 23 23
00007FF749305090 00007FF749305084 24 24 362 365
00007FF749305090 00007FF749305084 24 24
00007FF749305090 00007FF749305084 25 25 360 195
00007FF749305090 00007FF749305084 25 25
00007FF749305090 00007FF749305084 26 26 368 596
00007FF749305090 00007FF749305084 26 26
00007FF749305090 00007FF749305084 27 27 402 507
00007FF749305090 00007FF749305084 27 27
00007FF749305090 00007FF749305084 28 28 411 258
00007FF749305090 00007FF749305084 28 28
00007FF749305090 00007FF749305084 29 29 418 980
00007FF749305090 00007FF749305084 29 29
00007FF749305090 00007FF749305084 30 30 418 889
00007FF749305090 00007FF749305084 30 30
00007FF749305090 00007FF749305084 31 31 427 419
00007FF749305090 00007FF749305084 31 31
00007FF749305090 00007FF749305084 32 32 428 1101
00007FF749305090 00007FF749305084 32 32
00007FF749305090 00007FF749305084 33 33 439 811
00007FF749305090 00007FF749305084 33 33
00007FF749305090 00007FF749305084 34 34 453 725
00007FF749305090 00007FF749305084 34 34
00007FF749305090 00007FF749305084 35 35 475 139
00007FF749305090 00007FF749305084 35 35
00007FF749305090 00007FF749305084 36 36 508 883
00007FF749305090 00007FF749305084 36 36
00007FF749305090 00007FF749305084 37 37 529 1016
00007FF749305090 00007FF749305084 37 37
00007FF749305090 00007FF749305084 38 38 536 1125
00007FF749305090 00007FF749305084 38 38
00007FF749305090 00007FF749305084 39 39 534 797
00007FF749305090 00007FF749305084 39 39
00007FF749305090 00007FF749305084 40 40 537 588
00007FF749305090 00007FF749305084 40 40
00007FF749305090 00007FF749305084 41 41 548 712
00007FF749305090 00007FF749305084 41 41
00007FF749305090 00007FF749305084 42 42 546 385
00007FF749305090 00007FF749305084 42 42
00007FF749305090 00007FF749305084 43 43 563 470
00007FF749305090 00007FF749305084 43 43
00007FF749305090 00007FF749305084 44 44 592 859
00007FF749305090 00007FF749305084 44 44
00007FF749305090 00007FF749305084 45 45 623 757
00007FF749305090 00007FF749305084 45 45
00007FF749305090 00007FF749305084 46 46 620 661
00007FF749305090 00007FF749305084 46 46
00007FF749305090 00007FF749305084 47 47 630 574
00007FF749305090 00007FF749305084 47 47
00007FF749305090 00007FF749305084 48 48 640 1058
00007FF749305090 00007FF749305084 48 48
00007FF749305090 00007FF749305084 49 49 658 974
00007FF749305090 00007FF749305084 49 49
00007FF749305090 00007FF749305084 50 50 718 577
00007FF749305090 00007FF749305084 50 50
00007FF749305090 00007FF749305084 51 51 722 476
00007FF749305090 00007FF749305084 51 51
00007FF749305090 00007FF749305084 52 52 736 140
00007FF749305090 00007FF749305084 52 52
00007FF749305090 00007FF749305084 53 53 744 698
00007FF749305090 00007FF749305084 53 53
00007FF749305090 00007FF749305084 54 54 793 531
00007FF749305090 00007FF749305084 54 54
00007FF749305090 00007FF749305084 55 55 805 442
00007FF749305090 00007FF749305084 0 0
00007FF749305090 00007FF749305084 1 1 78 320
00007FF749305090 00007FF749305084 1 1
00007FF749305090 00007FF749305084 2 2 88 715
00007FF749305090 00007FF749305084 2 2
00007FF749305090 00007FF749305084 3 3 103 471
00007FF749305090 00007FF749305084 3 3
00007FF749305090 00007FF749305084 4 4 114 850
00007FF749305090 00007FF749305084 4 4
00007FF749305090 00007FF749305084 5 5 130 188
00007FF749305090 00007FF749305084 5 5
00007FF749305090 00007FF749305084 6 6 147 628
00007FF749305090 00007FF749305084 6 6
00007FF749305090 00007FF749305084 7 7 148 771
00007FF749305090 00007FF749305084 7 7
00007FF749305090 00007FF749305084 8 8 194 382
00007FF749305090 00007FF749305084 8 8
00007FF749305090 00007FF749305084 9 9 196 906
00007FF749305090 00007FF749305084 9 9
00007FF749305090 00007FF749305084 10 10 209 165
00007FF749305090 00007FF749305084 10 10
00007FF749305090 00007FF749305084 11 11 205 77
00007FF749305090 00007FF749305084 11 11
00007FF749305090 00007FF749305084 12 12 214 682
00007FF749305090 00007FF749305084 12 12
00007FF749305090 00007FF749305084 13 13 237 817
00007FF749305090 00007FF749305084 13 13
00007FF749305090 00007FF749305084 14 14 245 554
00007FF749305090 00007FF749305084 14 14
00007FF749305090 00007FF749305084 15 15 245 311
00007FF749305090 00007FF749305084 15 15
00007FF749305090 00007FF749305084 16 16 254 1033
00007FF749305090 00007FF749305084 16 16
00007FF749305090 00007FF749305084 17 17 252 447
00007FF749305090 00007FF749305084 17 17
00007FF749305090 00007FF749305084 18 18 291 77
00007FF749305090 00007FF749305084 18 18
00007FF749305090 00007FF749305084 19 19 292 163
00007FF749305090 00007FF749305084 19 19
00007FF749305090 00007FF749305084 20 20 300 948
00007FF749305090 00007FF749305084 20 20
00007FF749305090 00007FF749305084 21 21 315 504
00007FF749305090 00007FF749305084 21 21
00007FF749305090 00007FF749305084 22 22 326 862
00007FF749305090 00007FF749305084 22 22
00007FF749305090 00007FF749305084 23 23 346 1034
00007FF749305090 00007FF749305084 23 23
00007FF749305090 00007FF749305084 24 24 362 365
00007FF749305090 00007FF749305084 24 24
00007FF749305090 00007FF749305084 25 25 360 195
00007FF749305090 00007FF749305084 25 25
00007FF749305090 00007FF749305084 26 26 368 596
00007FF749305090 00007FF749305084 26 26
00007FF749305090 00007FF749305084 27 27 402 507
00007FF749305090 00007FF749305084 27 27
00007FF749305090 00007FF749305084 28 28 411 258
00007FF749305090 00007FF749305084 28 28
00007FF749305090 00007FF749305084 29 29 418 980
00007FF749305090 00007FF749305084 29 29
00007FF749305090 00007FF749305084 30 30 418 889
00007FF749305090 00007FF749305084 30 30
00007FF749305090 00007FF749305084 31 31 427 419
00007FF749305090 00007FF749305084 31 31
00007FF749305090 00007FF749305084 32 32 428 1101
00007FF749305090 00007FF749305084 32 32
00007FF749305090 00007FF749305084 33 33 439 811
00007FF749305090 00007FF749305084 33 33
00007FF749305090 00007FF749305084 34 34 453 725
00007FF749305090 00007FF749305084 34 34
00007FF749305090 00007FF749305084 35 35 475 139
00007FF749305090 00007FF749305084 35 35
00007FF749305090 00007FF749305084 36 36 508 883
00007FF749305090 00007FF749305084 36 36
00007FF749305090 00007FF749305084 37 37 529 1016
00007FF749305090 00007FF749305084 37 37
00007FF749305090 00007FF749305084 38 38 536 1125
00007FF749305090 00007FF749305084 38 38
00007FF749305090 00007FF749305084 39 39 534 797
00007FF749305090 00007FF749305084 39 39
00007FF749305090 00007FF749305084 40 40 537 588
00007FF749305090 00007FF749305084 40 40
00007FF749305090 00007FF749305084 41 41 548 713
00007FF749305090 00007FF749305084 41 41
00007FF749305090 00007FF749305084 42 42 546 385
00007FF749305090 00007FF749305084 42 42
00007FF749305090 00007FF749305084 43 43 563 470
00007FF749305090 00007FF749305084 43 43
00007FF749305090 00007FF749305084 44 44 592 859
00007FF749305090 00007FF749305084 44 44
00007FF749305090 00007FF749305084 45 45 623 757
00007FF749305090 00007FF749305084 45 45
00007FF749305090 00007FF749305084 46 46 621 661
00007FF749305090 00007FF749305084 46 46
00007FF749305090 00007FF749305084 47 47 630 574
00007FF749305090 00007FF749305084 47 47
00007FF749305090 00007FF749305084 48 48 640 1058
00007FF749305090 00007FF749305084 48 48
00007FF749305090 00007FF749305084 49 49 658 974
00007FF749305090 00007FF749305084 49 49
00007FF749305090 00007FF749305084 50 50 718 577
00007FF749305090 00007FF749305084 50 50
00007FF749305090 00007FF749305084 51 51 722 476
00007FF749305090 00007FF749305084 51 51
00007FF749305090 00007FF749305084 52 52 736 140
00007FF749305090 00007FF749305084 52 52
00007FF749305090 00007FF749305084 53 53 744 698
00007FF749305090 00007FF749305084 53 53
00007FF749305090 00007FF749305084 54 54 793 531
00007FF749305090 00007FF749305084 54 54
00007FF749305090 00007FF749305084 55 55 805 442
00007FF749305090 00007FF749305084 0 0
00007FF749305090 00007FF749305084 1 1 78 320
00007FF749305090 00007FF749305084 1 1
00007FF749305090 00007FF749305084 2 2 88 714
00007FF749305090 00007FF749305084 2 2
00007FF749305090 00007FF749305084 3 3 103 471
00007FF749305090 00007FF749305084 3 3
00007FF749305090 00007FF749305084 4 4 114 850
00007FF749305090 00007FF749305084 4 4
00007FF749305090 00007FF749305084 5 5 130 188
00007FF749305090 00007FF749305084 5 5
00007FF749305090 00007FF749305084 6 6 147 628
00007FF749305090 00007FF749305084 6 6
00007FF749305090 00007FF749305084 7 7 148 771
00007FF749305090 00007FF749305084 7 7
00007FF749305090 00007FF749305084 8 8 194 382
00007FF749305090 00007FF749305084 8 8
00007FF749305090 00007FF749305084 9 9 196 906
00007FF749305090 00007FF749305084 9 9
00007FF749305090 00007FF749305084 10 10 210 166
00007FF749305090 00007FF749305084 10 10
00007FF749305090 00007FF749305084 11 11 205 76
00007FF749305090 00007FF749305084 11 11
00007FF749305090 00007FF749305084 12 12 214 682
00007FF749305090 00007FF749305084 12 12
00007FF749305090 00007FF749305084 13 13 237 817
00007FF749305090 00007FF749305084 13 13
00007FF749305090 00007FF749305084 14 14 245 554
00007FF749305090 00007FF749305084 14 14
00007FF749305090 00007FF749305084 15 15 245 311
00007FF749305090 00007FF749305084 15 15
00007FF749305090 00007FF749305084 16 16 254 1033
00007FF749305090 00007FF749305084 16 16
00007FF749305090 00007FF749305084 17 17 252 447
00007FF749305090 00007FF749305084 17 17
00007FF749305090 00007FF749305084 18 18 291 77
00007FF749305090 00007FF749305084 18 18
00007FF749305090 00007FF749305084 19 19 292 163
00007FF749305090 00007FF749305084 19 19
00007FF749305090 00007FF749305084 20 20 300 948
00007FF749305090 00007FF749305084 20 20
00007FF749305090 00007FF749305084 21 21 315 504
00007FF749305090 00007FF749305084 21 21
00007FF749305090 00007FF749305084 22 22 326 862
00007FF749305090 00007FF749305084 22 22
00007FF749305090 00007FF749305084 23 23 346 1034
00007FF749305090 00007FF749305084 23 23
00007FF749305090 00007FF749305084 24 24 362 365
00007FF749305090 00007FF749305084 24 24
00007FF749305090 00007FF749305084 25 25 360 195
00007FF749305090 00007FF749305084 25 25
00007FF749305090 00007FF749305084 26 26 368 596
00007FF749305090 00007FF749305084 26 26
00007FF749305090 00007FF749305084 27 27 402 507
00007FF749305090 00007FF749305084 27 27
00007FF749305090 00007FF749305084 28 28 411 258
00007FF749305090 00007FF749305084 28 28
00007FF749305090 00007FF749305084 29 29 418 980
00007FF749305090 00007FF749305084 29 29
00007FF749305090 00007FF749305084 30 30 418 889
00007FF749305090 00007FF749305084 30 30
00007FF749305090 00007FF749305084 31 31 427 419
00007FF749305090 00007FF749305084 31 31
00007FF749305090 00007FF749305084 32 32 428 1101
00007FF749305090 00007FF749305084 32 32
00007FF749305090 00007FF749305084 33 33 439 811
00007FF749305090 00007FF749305084 33 33
00007FF749305090 00007FF749305084 34 34 453 725
00007FF749305090 00007FF749305084 34 34
00007FF749305090 00007FF749305084 35 35 475 139
00007FF749305090 00007FF749305084 35 35
00007FF749305090 00007FF749305084 36 36 508 883
00007FF749305090 00007FF749305084 36 36
00007FF749305090 00007FF749305084 37 37 529 1016
00007FF749305090 00007FF749305084 37 37
00007FF749305090 00007FF749305084 38 38 536 1125
00007FF749305090 00007FF749305084 38 38
00007FF749305090 00007FF749305084 39 39 535 797
00007FF749305090 00007FF749305084 39 39
00007FF749305090 00007FF749305084 40 40 537 588
00007FF749305090 00007FF749305084 40 40
00007FF749305090 00007FF749305084 41 41 548 713
00007FF749305090 00007FF749305084 41 41
00007FF749305090 00007FF749305084 42 42 546 385
00007FF749305090 00007FF749305084 42 42
00007FF749305090 00007FF749305084 43 43 563 470
00007FF749305090 00007FF749305084 43 43
00007FF749305090 00007FF749305084 44 44 592 859
00007FF749305090 00007FF749305084 44 44
00007FF749305090 00007FF749305084 45 45 623 757
00007FF749305090 00007FF749305084 45 45
00007FF749305090 00007FF749305084 46 46 621 661
00007FF749305090 00007FF749305084 46 46
00007FF749305090 00007FF749305084 47 47 630 574
00007FF749305090 00007FF749305084 47 47
00007FF749305090 00007FF749305084 48 48 640 1057
00007FF749305090 00007FF749305084 48 48
00007FF749305090 00007FF749305084 49 49 658 974
00007FF749305090 00007FF749305084 49 49
00007FF749305090 00007FF749305084 50 50 718 577
00007FF749305090 00007FF749305084 50 50
00007FF749305090 00007FF749305084 51 51 722 476
00007FF749305090 00007FF749305084 51 51
00007FF749305090 00007FF749305084 52 52 736 140
00007FF749305090 00007FF749305084 52 52
00007FF749305090 00007FF749305084 53 53 744 698
00007FF749305090 00007FF749305084 53 53
00007FF749305090 00007FF749305084 54 54 793 531
00007FF749305090 00007FF749305084 54 54
00007FF749305090 00007FF749305084 55 55 805 442
00007FF749305090 00007FF749305084 0 0
00007FF749305090 00007FF749305084 1 1 78 320
00007FF749305090 00007FF749305084 1 1
00007FF749305090 00007FF749305084 2 2 88 715
00007FF749305090 00007FF749305084 2 2
00007FF749305090 00007FF749305084 3 3 103 471
00007FF749305090 00007FF749305084 3 3
00007FF749305090 00007FF749305084 4 4 114 850
00007FF749305090 00007FF749305084 4 4
00007FF749305090 00007FF749305084 5 5 130 188
00007FF749305090 00007FF749305084 5 5
00007FF749305090 00007FF749305084 6 6 147 628
00007FF749305090 00007FF749305084 6 6
00007FF749305090 00007FF749305084 7 7 148 771
00007FF749305090 00007FF749305084 7 7
00007FF749305090 00007FF749305084 8 8 194 382
00007FF749305090 00007FF749305084 8 8
00007FF749305090 00007FF749305084 9 9 196 906
00007FF749305090 00007FF749305084 9 9
00007FF749305090 00007FF749305084 10 10 210 166
00007FF749305090 00007FF749305084 10 10
00007FF749305090 00007FF749305084 11 11 205 76
00007FF749305090 00007FF749305084 11 11
00007FF749305090 00007FF749305084 12 12 214 682
00007FF749305090 00007FF749305084 12 12
00007FF749305090 00007FF749305084 13 13 237 817
00007FF749305090 00007FF749305084 13 13
00007FF749305090 00007FF749305084 14 14 245 554
00007FF749305090 00007FF749305084 14 14
00007FF749305090 00007FF749305084 15 15 245 311
00007FF749305090 00007FF749305084 15 15
00007FF749305090 00007FF749305084 16 16 254 1033
00007FF749305090 00007FF749305084 16 16
00007FF749305090 00007FF749305084 17 17 252 447
00007FF749305090 00007FF749305084 17 17
00007FF749305090 00007FF749305084 18 18 291 77
00007FF749305090 00007FF749305084 18 18
00007FF749305090 00007FF749305084 19 19 292 163
00007FF749305090 00007FF749305084 19 19
00007FF749305090 00007FF749305084 20 20 300 948
00007FF749305090 00007FF749305084 20 20
00007FF749305090 00007FF749305084 21 21 315 504
00007FF749305090 00007FF749305084 21 21
00007FF749305090 00007FF749305084 22 22 326 862
00007FF749305090 00007FF749305084 22 22
00007FF749305090 00007FF749305084 23 23 346 1034
00007FF749305090 00007FF749305084 23 23
00007FF749305090 00007FF749305084 24 24 362 365
00007FF749305090 00007FF749305084 24 24
00007FF749305090 00007FF749305084 25 25 360 195
00007FF749305090 00007FF749305084 25 25
00007FF749305090 00007FF749305084 26 26 368 596
00007FF749305090 00007FF749305084 26 26
00007FF749305090 00007FF749305084 27 27 402 507
00007FF749305090 00007FF749305084 27 27
00007FF749305090 00007FF749305084 28 28 411 258
00007FF749305090 00007FF749305084 28 28
00007FF749305090 00007FF749305084 29 29 418 980
00007FF749305090 00007FF749305084 29 29
00007FF749305090 00007FF749305084 30 30 418 889
00007FF749305090 00007FF749305084 30 30
00007FF749305090 00007FF749305084 31 31 427 419
00007FF749305090 00007FF749305084 31 31
00007FF749305090 00007FF749305084 32 32 428 1101
00007FF749305090 00007FF749305084 32 32
00007FF749305090 00007FF749305084 33 33 439 811
00007FF749305090 00007FF749305084 33 33
00007FF749305090 00007FF749305084 34 34 453 725
00007FF749305090 00007FF749305084 34 34
00007FF749305090 00007FF749305084 35 35 475 139
00007FF749305090 00007FF749305084 35 35
00007FF749305090 00007FF749305084 36 36 508 883
00007FF749305090 00007FF749305084 36 36
00007FF749305090 00007FF749305084 37 37 529 1016
00007FF749305090 00007FF749305084 37 37
00007FF749305090 00007FF749305084 38 38 536 1125
00007FF749305090 00007FF749305084 38 38
00007FF749305090 00007FF749305084 39 39 534 797
00007FF749305090 00007FF749305084 39 39
00007FF749305090 00007FF749305084 40 40 537 588
00007FF749305090 00007FF749305084 40 40
00007FF749305090 00007FF749305084 41 41 548 713
00007FF749305090 00007FF749305084 41 41
00007FF749305090 00007FF749305084 42 42 546 385
00007FF749305090 00007FF749305084 42 42
00007FF749305090 00007FF749305084 43 43 563 470
00007FF749305090 00007FF749305084 43 43
00007FF749305090 00007FF749305084 44 44 592 859
00007FF749305090 00007FF749305084 44 44
00007FF749305090 00007FF749305084 45 45 623 757
00007FF749305090 00007FF749305084 45 45
00007FF749305090 00007FF749305084 46 46 620 661
00007FF749305090 00007FF749305084 46 46
00007FF749305090 00007FF749305084 47 47 630 574
00007FF749305090 00007FF749305084 47 47
00007FF749305090 00007FF749305084 48 48 640 1057
00007FF749305090 00007FF749305084 48 48
00007FF749305090 00007FF749305084 49 49 658 974
00007FF749305090 00007FF749305084 49 49
00007FF749305090 00007FF749305084 50 50 718 577
00007FF749305090 00007FF749305084 50 50
00007FF749305090 00007FF749305084 51 51 722 476
00007FF749305090 00007FF749305084 51 51
00007FF749305090 00007FF749305084 52 52 736 140
00007FF749305090 00007FF749305084 52 52
00007FF749305090 00007FF749305084 53 53 744 698
00007FF749305090 00007FF749305084 53 53
00007FF749305090 00007FF749305084 54 54 793 531
00007FF749305090 00007FF749305084 54 54
00007FF749305090 00007FF749305084 55 55 805 442
00007FF749305090 00007FF749305084 0 0
00007FF749305090 00007FF749305084 1 1 78 320
00007FF749305090 00007FF749305084 1 1
00007FF749305090 00007FF749305084 2 2 87 714
00007FF749305090 00007FF749305084 2 2
00007FF749305090 00007FF749305084 3 3 103 471
00007FF749305090 00007FF749305084 3 3
00007FF749305090 00007FF749305084 4 4 114 850
00007FF749305090 00007FF749305084 4 4
00007FF749305090 00007FF749305084 5 5 130 188
00007FF749305090 00007FF749305084 5 5
00007FF749305090 00007FF749305084 6 6 147 628
00007FF749305090 00007FF749305084 6 6
00007FF749305090 00007FF749305084 7 7 148 771
00007FF749305090 00007FF749305084 7 7
00007FF749305090 00007FF749305084 8 8 194 382
00007FF749305090 00007FF749305084 8 8
00007FF749305090 00007FF749305084 9 9 196 906
00007FF749305090 00007FF749305084 9 9
00007FF749305090 00007FF749305084 10 10 210 166
00007FF749305090 00007FF749305084 10 10
00007FF749305090 00007FF749305084 11 11 205 77
00007FF749305090 00007FF749305084 11 11
00007FF749305090 00007FF749305084 12 12 214 682
00007FF749305090 00007FF749305084 12 12
00007FF749305090 00007FF749305084 13 13 237 817
00007FF749305090 00007FF749305084 13 13
00007FF749305090 00007FF749305084 14 14 245 554
00007FF749305090 00007FF749305084 14 14
00007FF749305090 00007FF749305084 15 15 246 311
00007FF749305090 00007FF749305084 15 15
00007FF749305090 00007FF749305084 16 16 254 1033
00007FF749305090 00007FF749305084 16 16
00007FF749305090 00007FF749305084 17 17 252 447
00007FF749305090 00007FF749305084 17 17
00007FF749305090 00007FF749305084 18 18 291 77
00007FF749305090 00007FF749305084 18 18
00007FF749305090 00007FF749305084 19 19 292 163
00007FF749305090 00007FF749305084 19 19
00007FF749305090 00007FF749305084 20 20 300 948
00007FF749305090 00007FF749305084 20 20
00007FF749305090 00007FF749305084 21 21 315 504
00007FF749305090 00007FF749305084 21 21
00007FF749305090 00007FF749305084 22 22 326 862
00007FF749305090 00007FF749305084 22 22
00007FF749305090 00007FF749305084 23 23 346 1034
00007FF749305090 00007FF749305084 23 23
00007FF749305090 00007FF749305084 24 24 362 365
00007FF749305090 00007FF749305084 24 24
00007FF749305090 00007FF749305084 25 25 360 195
00007FF749305090 00007FF749305084 25 25
00007FF749305090 00007FF749305084 26 26 368 596
00007FF749305090 00007FF749305084 26 26
00007FF749305090 00007FF749305084 27 27 402 507
00007FF749305090 00007FF749305084 27 27
00007FF749305090 00007FF749305084 28 28 411 258
00007FF749305090 00007FF749305084 28 28
00007FF749305090 00007FF749305084 29 29 418 980
00007FF749305090 00007FF749305084 29 29
00007FF749305090 00007FF749305084 30 30 418 889
00007FF749305090 00007FF749305084 30 30
00007FF749305090 00007FF749305084 31 31 427 419
00007FF749305090 00007FF749305084 31 31
00007FF749305090 00007FF749305084 32 32 428 1101
00007FF749305090 00007FF749305084 32 32
00007FF749305090 00007FF749305084 33 33 439 811
00007FF749305090 00007FF749305084 33 33
00007FF749305090 00007FF749305084 34 34 453 725
00007FF749305090 00007FF749305084 34 34
00007FF749305090 00007FF749305084 35 35 475 139
00007FF749305090 00007FF749305084 35 35
00007FF749305090 00007FF749305084 36 36 508 883
00007FF749305090 00007FF749305084 36 36
00007FF749305090 00007FF749305084 37 37 529 1016
00007FF749305090 00007FF749305084 37 37
00007FF749305090 00007FF749305084 38 38 537 1125
00007FF749305090 00007FF749305084 38 38
00007FF749305090 00007FF749305084 39 39 534 797
00007FF749305090 00007FF749305084 39 39
00007FF749305090 00007FF749305084 40 40 537 588
00007FF749305090 00007FF749305084 40 40
00007FF749305090 00007FF749305084 41 41 547 712
00007FF749305090 00007FF749305084 41 41
00007FF749305090 00007FF749305084 42 42 546 385
00007FF749305090 00007FF749305084 42 42
00007FF749305090 00007FF749305084 43 43 563 470
00007FF749305090 00007FF749305084 43 43
00007FF749305090 00007FF749305084 44 44 592 859
00007FF749305090 00007FF749305084 44 44
00007FF749305090 00007FF749305084 45 45 624 757
00007FF749305090 00007FF749305084 45 45
00007FF749305090 00007FF749305084 46 46 620 661
00007FF749305090 00007FF749305084 46 46
00007FF749305090 00007FF749305084 47 47 630 574
00007FF749305090 00007FF749305084 47 47
00007FF749305090 00007FF749305084 48 48 640 1057
00007FF749305090 00007FF749305084 48 48
00007FF749305090 00007FF749305084 49 49 658 974
00007FF749305090 00007FF749305084 49 49
00007FF749305090 00007FF749305084 50 50 718 577
00007FF749305090 00007FF749305084 50 50
00007FF749305090 00007FF749305084 51 51 722 476
00007FF749305090 00007FF749305084 51 51
00007FF749305090 00007FF749305084 52 52 736 140
00007FF749305090 00007FF749305084 52 52
00007FF749305090 00007FF749305084 53 53 744 698
00007FF749305090 00007FF749305084 53 53
00007FF749305090 00007FF749305084 54 54 793 531
00007FF749305090 00007FF749305084 54 54
00007FF749305090 00007FF749305084 55 55 805 442
00007FF749305090 00007FF749305084 0 0
00007FF749305090 00007FF749305084 1 1 78 320
00007FF749305090 00007FF749305084 1 1
00007FF749305090 00007FF749305084 2 2 88 714
00007FF749305090 00007FF749305084 2 2
00007FF749305090 00007FF749305084 3 3 103 471
00007FF749305090 00007FF749305084 3 3
00007FF749305090 00007FF749305084 4 4 114 850
00007FF749305090 00007FF749305084 4 4
00007FF749305090 00007FF749305084 5 5 130 188
00007FF749305090 00007FF749305084 5 5
00007FF749305090 00007FF749305084 6 6 147 628
00007FF749305090 00007FF749305084 6 6
00007FF749305090 00007FF749305084 7 7 148 771
00007FF749305090 00007FF749305084 7 7
00007FF749305090 00007FF749305084 8 8 194 382
00007FF749305090 00007FF749305084 8 8
00007FF749305090 00007FF749305084 9 9 196 906
00007FF749305090 00007FF749305084 9 9
00007FF749305090 00007FF749305084 10 10 209 165
00007FF749305090 00007FF749305084 10 10
00007FF749305090 00007FF749305084 11 11 205 77
00007FF749305090 00007FF749305084 11 11
00007FF749305090 00007FF749305084 12 12 214 682
00007FF749305090 00007FF749305084 12 12
00007FF749305090 00007FF749305084 13 13 237 817
00007FF749305090 00007FF749305084 13 13
00007FF749305090 00007FF749305084 14 14 245 554
00007FF749305090 00007FF749305084 14 14
00007FF749305090 00007FF749305084 15 15 245 311
00007FF749305090 00007FF749305084 15 15
00007FF749305090 00007FF749305084 16 16 254 1033
00007FF749305090 00007FF749305084 16 16
00007FF749305090 00007FF749305084 17 17 252 447
00007FF749305090 00007FF749305084 17 17
00007FF749305090 00007FF749305084 18 18 291 77
00007FF749305090 00007FF749305084 18 18
00007FF749305090 00007FF749305084 19 19 292 163
00007FF749305090 00007FF749305084 19 19
00007FF749305090 00007FF749305084 20 20 300 948
00007FF749305090 00007FF749305084 20 20
00007FF749305090 00007FF749305084 21 21 315 504
00007FF749305090 00007FF749305084 21 21
00007FF749305090 00007FF749305084 22 22 326 862
00007FF749305090 00007FF749305084 22 22
00007FF749305090 00007FF749305084 23 23 346 1034
00007FF749305090 00007FF749305084 23 23
00007FF749305090 00007FF749305084 24 24 362 365
00007FF749305090 00007FF749305084 24 24
00007FF749305090 00007FF749305084 25 25 360 195
00007FF749305090 00007FF749305084 25 25
00007FF749305090 00007FF749305084 26 26 368 596
00007FF749305090 00007FF749305084 26 26
00007FF749305090 00007FF749305084 27 27 402 507
00007FF749305090 00007FF749305084 27 27
00007FF749305090 00007FF749305084 28 28 411 258
00007FF749305090 00007FF749305084 28 28
00007FF749305090 00007FF749305084 29 29 418 980
00007FF749305090 00007FF749305084 29 29
00007FF749305090 00007FF749305084 30 30 418 889
00007FF749305090 00007FF749305084 30 30
00007FF749305090 00007FF749305084 31 31 428 419
00007FF749305090 00007FF749305084 31 31
00007FF749305090 00007FF749305084 32 32 428 1101
00007FF749305090 00007FF749305084 32 32
00007FF749305090 00007FF749305084 33 33 439 811
00007FF749305090 00007FF749305084 33 33
00007FF749305090 00007FF749305084 34 34 453 725
00007FF749305090 00007FF749305084 34 34
00007FF749305090 00007FF749305084 35 35 475 139
00007FF749305090 00007FF749305084 35 35
00007FF749305090 00007FF749305084 36 36 508 883
00007FF749305090 00007FF749305084 36 36
00007FF749305090 00007FF749305084 37 37 529 1016
00007FF749305090 00007FF749305084 37 37
00007FF749305090 00007FF749305084 38 38 536 1125
00007FF749305090 00007FF749305084 38 38
00007FF749305090 00007FF749305084 39 39 534 797
00007FF749305090 00007FF749305084 39 39
00007FF749305090 00007FF749305084 40 40 537 588
00007FF749305090 00007FF749305084 40 40
00007FF749305090 00007FF749305084 41 41 548 713
00007FF749305090 00007FF749305084 41 41
00007FF749305090 00007FF749305084 42 42 546 385
00007FF749305090 00007FF749305084 42 42
00007FF749305090 00007FF749305084 43 43 563 470
00007FF749305090 00007FF749305084 43 43
00007FF749305090 00007FF749305084 44 44 592 859
00007FF749305090 00007FF749305084 44 44
00007FF749305090 00007FF749305084 45 45 624 757
00007FF749305090 00007FF749305084 45 45
00007FF749305090 00007FF749305084 46 46 621 661
00007FF749305090 00007FF749305084 46 46
00007FF749305090 00007FF749305084 47 47 630 574
00007FF749305090 00007FF749305084 47 47
00007FF749305090 00007FF749305084 48 48 640 1057
00007FF749305090 00007FF749305084 48 48
00007FF749305090 00007FF749305084 49 49 658 974
00007FF749305090 00007FF749305084 49 49
00007FF749305090 00007FF749305084 50 50 718 577
00007FF749305090 00007FF749305084 50 50
00007FF749305090 00007FF749305084 51 51 722 476
00007FF749305090 00007FF749305084 51 51
00007FF749305090 00007FF749305084 52 52 736 140
00007FF749305090 00007FF749305084 52 52
00007FF749305090 00007FF749305084 53 53 744 698
00007FF749305090 00007FF749305084 53 53
00007FF749305090 00007FF749305084 54 54 793 531
00007FF749305090 00007FF749305084 54 54
00007FF749305090 00007FF749305084 55 55 805 442
00007FF749305090 00007FF749305084 0 0
00007FF749305090 00007FF749305084 1 1 78 320
00007FF749305090 00007FF749305084 1 1
00007FF749305090 00007FF749305084 2 2 87 715
00007FF749305090 00007FF749305084 2 2
00007FF749305090 00007FF749305084 3 3 103 471
00007FF749305090 00007FF749305084 3 3
00007FF749305090 00007FF749305084 4 4 114 850
00007FF749305090 00007FF749305084 4 4
00007FF749305090 00007FF749305084 5 5 130 189
00007FF749305090 00007FF749305084 5 5
00007FF749305090 00007FF749305084 6 6 147 628
00007FF749305090 00007FF749305084 6 6
00007FF749305090 00007FF749305084 7 7 149 771
00007FF749305090 00007FF749305084 7 7
00007FF749305090 00007FF749305084 8 8 194 382
00007FF749305090 00007FF749305084 8 8
00007FF749305090 00007FF749305084 9 9 196 906
00007FF749305090 00007FF749305084 9 9
00007FF749305090 00007FF749305084 10 10 210 166
00007FF749305090 00007FF749305084 10 10
00007FF749305090 00007FF749305084 11 11 205 77
00007FF749305090 00007FF749305084 11 11
00007FF749305090 00007FF749305084 12 12 214 682
00007FF749305090 00007FF749305084 12 12
00007FF749305090 00007FF749305084 13 13 237 817
00007FF749305090 00007FF749305084 13 13
00007FF749305090 00007FF749305084 14 14 245 554
00007FF749305090 00007FF749305084 14 14
00007FF749305090 00007FF749305084 15 15 246 311
00007FF749305090 00007FF749305084 15 15
00007FF749305090 00007FF749305084 16 16 254 1033
00007FF749305090 00007FF749305084 16 16
00007FF749305090 00007FF749305084 17 17 252 447
00007FF749305090 00007FF749305084 17 17
00007FF749305090 00007FF749305084 18 18 291 78
00007FF749305090 00007FF749305084 18 18
00007FF749305090 00007FF749305084 19 19 292 163
00007FF749305090 00007FF749305084 19 19
00007FF749305090 00007FF749305084 20 20 300 948
00007FF749305090 00007FF749305084 20 20
00007FF749305090 00007FF749305084 21 21 315 504
00007FF749305090 00007FF749305084 21 21
00007FF749305090 00007FF749305084 22 22 326 862
00007FF749305090 00007FF749305084 22 22
00007FF749305090 00007FF749305084 23 23 346 1034
00007FF749305090 00007FF749305084 23 23
00007FF749305090 00007FF749305084 24 24 362 365
00007FF749305090 00007FF749305084 24 24
00007FF749305090 00007FF749305084 25 25 360 195
00007FF749305090 00007FF749305084 25 25
00007FF749305090 00007FF749305084 26 26 368 597
00007FF749305090 00007FF749305084 26 26
00007FF749305090 00007FF749305084 27 27 402 507
00007FF749305090 00007FF749305084 27 27
00007FF749305090 00007FF749305084 28 28 411 258
00007FF749305090 00007FF749305084 28 28
00007FF749305090 00007FF749305084 29 29 418 980
00007FF749305090 00007FF749305084 29 29
00007FF749305090 00007FF749305084 30 30 419 889
00007FF749305090 00007FF749305084 30 30
00007FF749305090 00007FF749305084 31 31 427 419
00007FF749305090 00007FF749305084 31 31
00007FF749305090 00007FF749305084 32 32 428 1102
00007FF749305090 00007FF749305084 32 32
00007FF749305090 00007FF749305084 33 33 439 811
00007FF749305090 00007FF749305084 33 33
00007FF749305090 00007FF749305084 34 34 453 725
00007FF749305090 00007FF749305084 34 34
00007FF749305090 00007FF749305084 35 35 475 139
00007FF749305090 00007FF749305084 35 35
00007FF749305090 00007FF749305084 36 36 508 883
00007FF749305090 00007FF749305084 36 36
00007FF749305090 00007FF749305084 37 37 529 1016
00007FF749305090 00007FF749305084 37 37
00007FF749305090 00007FF749305084 38 38 537 1125
00007FF749305090 00007FF749305084 38 38
00007FF749305090 00007FF749305084 39 39 535 798
00007FF749305090 00007FF749305084 39 39
00007FF749305090 00007FF749305084 40 40 537 589
00007FF749305090 00007FF749305084 40 40
00007FF749305090 00007FF749305084 41 41 548 713
00007FF749305090 00007FF749305084 41 41
00007FF749305090 00007FF749305084 42 42 546 385
00007FF749305090 00007FF749305084 42 42
00007FF749305090 00007FF749305084 43 43 563 470
00007FF749305090 00007FF749305084 43 43
00007FF749305090 00007FF749305084 44 44 592 859
00007FF749305090 00007FF749305084 44 44
00007FF749305090 00007FF749305084 45 45 623 757
00007FF749305090 00007FF749305084 45 45
00007FF749305090 00007FF749305084 46 46 621 661
00007FF749305090 00007FF749305084 46 46
00007FF749305090 00007FF749305084 47 47 630 574
00007FF749305090 00007FF749305084 47 47
00007FF749305090 00007FF749305084 48 48 640 1057
00007FF749305090 00007FF749305084 48 48
00007FF749305090 00007FF749305084 49 49 658 974
00007FF749305090 00007FF749305084 49 49
00007FF749305090 00007FF749305084 50 50 718 577
00007FF749305090 00007FF749305084 50 50
00007FF749305090 00007FF749305084 51 51 722 476
00007FF749305090 00007FF749305084 51 51
00007FF749305090 00007FF749305084 52 52 736 140
00007FF749305090 00007FF749305084 52 52
00007FF749305090 00007FF749305084 53 53 744 698
00007FF749305090 00007FF749305084 53 53
00007FF749305090 00007FF749305084 54 54 793 531
00007FF749305090 00007FF749305084 54 54
00007FF749305090 00007FF749305084 55 55 805 442
00007FF749305090 00007FF749305084 0 0
00007FF749305090 00007FF749305084 1 1 78 320
00007FF749305090 00007FF749305084 1 1
00007FF749305090 00007FF749305084 2 2 88 714
00007FF749305090 00007FF749305084 2 2
00007FF749305090 00007FF749305084 3 3 103 471
00007FF749305090 00007FF749305084 3 3
00007FF749305090 00007FF749305084 4 4 114 849
00007FF749305090 00007FF749305084 4 4
00007FF749305090 00007FF749305084 5 5 130 188
00007FF749305090 00007FF749305084 5 5
00007FF749305090 00007FF749305084 6 6 147 628
00007FF749305090 00007FF749305084 6 6
00007FF749305090 00007FF749305084 7 7 148 771
00007FF749305090 00007FF749305084 7 7
00007FF749305090 00007FF749305084 8 8 194 382
00007FF749305090 00007FF749305084 8 8
00007FF749305090 00007FF749305084 9 9 196 906
00007FF749305090 00007FF749305084 9 9
00007FF749305090 00007FF749305084 10 10 209 165
00007FF749305090 00007FF749305084 10 10
00007FF749305090 00007FF749305084 11 11 205 76
00007FF749305090 00007FF749305084 11 11
00007FF749305090 00007FF749305084 12 12 214 682
00007FF749305090 00007FF749305084 264478 12
00007FF749305090 00007FF749305084 264479 13 237 816
00007FF749305090 00007FF749305084 264479 13
00007FF749305090 00007FF749305084 264480 14 245 554
00007FF749305090 00007FF749305084 264480 14
00007FF749305090 00007FF749305084 264481 15 245 311
00007FF749305090 00007FF749305084 264481 15
00007FF749305090 00007FF749305084 264482 16 254 1033
00007FF749305090 00007FF749305084 264482 16
00007FF749305090 00007FF749305084 264483 17 252 446
00007FF749305090 00007FF749305084 264483 17
00007FF749305090 00007FF749305084 264484 18 291 77
00007FF749305090 00007FF749305084 264484 18
00007FF749305090 00007FF749305084 264485 19 292 163
00007FF749305090 00007FF749305084 264485 19
00007FF749305090 00007FF749305084 264486 20 300 947
00007FF749305090 00007FF749305084 264486 20
00007FF749305090 00007FF749305084 264487 21 315 504
00007FF749305090 00007FF749305084 264487 21
00007FF749305090 00007FF749305084 264488 22 326 862
00007FF749305090 00007FF749305084 264488 22
00007FF749305090 00007FF749305084 264489 23 346 1034
00007FF749305090 00007FF749305084 264489 23
00007FF749305090 00007FF749305084 264490 24 362 365
00007FF749305090 00007FF749305084 264490 24
00007FF749305090 00007FF749305084 264491 25 360 195
00007FF749305090 00007FF749305084 264491 25
00007FF749305090 00007FF749305084 264492 26 368 596
00007FF749305090 00007FF749305084 264492 26
00007FF749305090 00007FF749305084 264493 27 402 507
00007FF749305090 00007FF749305084 264493 27
00007FF749305090 00007FF749305084 264494 28 411 258
00007FF749305090 00007FF749305084 264494 28
00007FF749305090 00007FF749305084 264495 29 418 980
00007FF749305090 00007FF749305084 264495 29
00007FF749305090 00007FF749305084 264496 30 418 889
00007FF749305090 00007FF749305084 264496 30
00007FF749305090 00007FF749305084 264497 31 427 419
00007FF749305090 00007FF749305084 264497 31
00007FF749305090 00007FF749305084 264498 32 428 1101
00007FF749305090 00007FF749305084 264498 32
00007FF749305090 00007FF749305084 264499 33 439 811
00007FF749305090 00007FF749305084 264499 33
00007FF749305090 00007FF749305084 264500 34 453 725
00007FF749305090 00007FF749305084 264500 34
00007FF749305090 00007FF749305084 264501 35 475 139
00007FF749305090 00007FF749305084 264501 35
00007FF749305090 00007FF749305084 264502 36 508 883
00007FF749305090 00007FF749305084 264502 36
00007FF749305090 00007FF749305084 264503 37 529 1016
00007FF749305090 00007FF749305084 264503 37
00007FF749305090 00007FF749305084 264504 38 536 1125
00007FF749305090 00007FF749305084 264504 38
00007FF749305090 00007FF749305084 264505 39 535 797
00007FF749305090 00007FF749305084 264505 39
00007FF749305090 00007FF749305084 264506 40 537 588
00007FF749305090 00007FF749305084 264506 40
00007FF749305090 00007FF749305084 264507 41 548 713
00007FF749305090 00007FF749305084 264507 41
00007FF749305090 00007FF749305084 264508 42 546 385
00007FF749305090 00007FF749305084 264508 42
00007FF749305090 00007FF749305084 264509 43 563 470
00007FF749305090 00007FF749305084 264509 43
00007FF749305090 00007FF749305084 264510 44 592 858
00007FF749305090 00007FF749305084 264510 44
00007FF749305090 00007FF749305084 264511 45 623 757
00007FF749305090 00007FF749305084 264511 45
00007FF749305090 00007FF749305084 264512 46 620 661
00007FF749305090 00007FF749305084 264512 46
00007FF749305090 00007FF749305084 264513 47 630 574
00007FF749305090 00007FF749305084 264513 47
00007FF749305090 00007FF749305084 264514 48 640 1057
00007FF749305090 00007FF749305084 264514 48
00007FF749305090 00007FF749305084 264515 49 658 974
00007FF749305090 00007FF749305084 264515 49
00007FF749305090 00007FF749305084 264516 50 718 577
00007FF749305090 00007FF749305084 264516 50
00007FF749305090 00007FF749305084 264517 51 722 476
00007FF749305090 00007FF749305084 264517 51
00007FF749305090 00007FF749305084 264518 52 736 140
00007FF749305090 00007FF749305084 264518 52
00007FF749305090 00007FF749305084 264519 53 744 698
00007FF749305090 00007FF749305084 264519 53
00007FF749305090 00007FF749305084 264520 54 793 531
00007FF749305090 00007FF749305084 264520 54
00007FF749305090 00007FF749305084 264521 55 805 442
