c:\users\admin\source\repos\bean-recognition\bean-recognition\demo\x64\debug\demo.pch
c:\users\admin\source\repos\bean-recognition\bean-recognition\demo\x64\debug\vc142.pdb
c:\users\admin\source\repos\bean-recognition\bean-recognition\demo\x64\debug\vc142.idb
c:\users\admin\source\repos\bean-recognition\bean-recognition\demo\x64\debug\pch.obj
c:\users\admin\source\repos\bean-recognition\bean-recognition\demo\x64\debug\demodlg.obj
c:\users\admin\source\repos\bean-recognition\bean-recognition\demo\x64\debug\demo.obj
c:\users\admin\source\repos\bean-recognition\bean-recognition\demo\x64\debug\binary_th.obj
c:\users\admin\source\repos\bean-recognition\bean-recognition\demo\x64\debug\demo.res
c:\users\admin\source\repos\bean-recognition\bean-recognition\demo\x64\debug\demo.tlog\cl.command.1.tlog
c:\users\admin\source\repos\bean-recognition\bean-recognition\demo\x64\debug\demo.tlog\cl.read.1.tlog
c:\users\admin\source\repos\bean-recognition\bean-recognition\demo\x64\debug\demo.tlog\cl.write.1.tlog
c:\users\admin\source\repos\bean-recognition\bean-recognition\demo\x64\debug\demo.tlog\link-cvtres.read.1.tlog
c:\users\admin\source\repos\bean-recognition\bean-recognition\demo\x64\debug\demo.tlog\link-cvtres.write.1.tlog
c:\users\admin\source\repos\bean-recognition\bean-recognition\demo\x64\debug\demo.tlog\link-mt.read.1.tlog
c:\users\admin\source\repos\bean-recognition\bean-recognition\demo\x64\debug\demo.tlog\link-mt.write.1.tlog
c:\users\admin\source\repos\bean-recognition\bean-recognition\demo\x64\debug\demo.tlog\link-rc.read.1.tlog
c:\users\admin\source\repos\bean-recognition\bean-recognition\demo\x64\debug\demo.tlog\link-rc.write.1.tlog
c:\users\admin\source\repos\bean-recognition\bean-recognition\demo\x64\debug\demo.tlog\link.18824-cvtres.read.1.tlog
c:\users\admin\source\repos\bean-recognition\bean-recognition\demo\x64\debug\demo.tlog\link.18824-cvtres.write.1.tlog
c:\users\admin\source\repos\bean-recognition\bean-recognition\demo\x64\debug\demo.tlog\link.18824-mt.read.1.tlog
c:\users\admin\source\repos\bean-recognition\bean-recognition\demo\x64\debug\demo.tlog\link.18824-mt.write.1.tlog
c:\users\admin\source\repos\bean-recognition\bean-recognition\demo\x64\debug\demo.tlog\link.18824-rc.read.1.tlog
c:\users\admin\source\repos\bean-recognition\bean-recognition\demo\x64\debug\demo.tlog\link.18824-rc.write.1.tlog
c:\users\admin\source\repos\bean-recognition\bean-recognition\demo\x64\debug\demo.tlog\link.18824.read.1.tlog
c:\users\admin\source\repos\bean-recognition\bean-recognition\demo\x64\debug\demo.tlog\link.18824.write.1.tlog
c:\users\admin\source\repos\bean-recognition\bean-recognition\demo\x64\debug\demo.tlog\link.command.1.tlog
c:\users\admin\source\repos\bean-recognition\bean-recognition\demo\x64\debug\demo.tlog\link.read.1.tlog
c:\users\admin\source\repos\bean-recognition\bean-recognition\demo\x64\debug\demo.tlog\link.write.1.tlog
c:\users\admin\source\repos\bean-recognition\bean-recognition\demo\x64\debug\demo.tlog\rc.command.1.tlog
c:\users\admin\source\repos\bean-recognition\bean-recognition\demo\x64\debug\demo.tlog\rc.read.1.tlog
c:\users\admin\source\repos\bean-recognition\bean-recognition\demo\x64\debug\demo.tlog\rc.write.1.tlog
